<?xml version="1.0" encoding="UTF-8"?>
<coverage generated="1568416920224" clover="3.2.0">
  <project timestamp="1568416920224" name="All files">
    <metrics statements="39" coveredstatements="39" conditionals="12" coveredconditionals="12" methods="9" coveredmethods="9" elements="60" coveredelements="60" complexity="0" loc="39" ncloc="39" packages="1" files="1" classes="1"/>
    <file name="main.js" path="C:\Users\albit\Desktop\Track front\LIM010-fe-md-links\src\main.js">
      <metrics statements="39" coveredstatements="39" conditionals="12" coveredconditionals="12" methods="9" coveredmethods="9"/>
      <line num="1" count="1" type="stmt"/>
      <line num="2" count="1" type="stmt"/>
      <line num="3" count="1" type="stmt"/>
      <line num="5" count="1" type="stmt"/>
      <line num="6" count="30" type="cond" truecount="2" falsecount="0"/>
      <line num="7" count="29" type="stmt"/>
      <line num="9" count="1" type="stmt"/>
      <line num="12" count="1" type="stmt"/>
      <line num="13" count="2" type="cond" truecount="2" falsecount="0"/>
      <line num="14" count="1" type="stmt"/>
      <line num="16" count="1" type="stmt"/>
      <line num="19" count="1" type="stmt"/>
      <line num="20" count="30" type="cond" truecount="2" falsecount="0"/>
      <line num="21" count="17" type="stmt"/>
      <line num="23" count="13" type="stmt"/>
      <line num="26" count="1" type="stmt"/>
      <line num="27" count="18" type="cond" truecount="2" falsecount="0"/>
      <line num="28" count="13" type="stmt"/>
      <line num="30" count="5" type="stmt"/>
      <line num="33" count="1" type="stmt"/>
      <line num="34" count="28" type="stmt"/>
      <line num="35" count="28" type="stmt"/>
      <line num="36" count="28" type="cond" truecount="2" falsecount="0"/>
      <line num="37" count="16" type="cond" truecount="2" falsecount="0"/>
      <line num="38" count="12" type="stmt"/>
      <line num="41" count="12" type="stmt"/>
      <line num="42" count="12" type="stmt"/>
      <line num="43" count="24" type="stmt"/>
      <line num="46" count="28" type="stmt"/>
      <line num="49" count="1" type="stmt"/>
      <line num="50" count="3" type="stmt"/>
      <line num="51" count="3" type="stmt"/>
      <line num="53" count="3" type="stmt"/>
      <line num="55" count="9" type="stmt"/>
      <line num="57" count="9" type="stmt"/>
      <line num="59" count="6" type="stmt"/>
      <line num="63" count="9" type="stmt"/>
      <line num="67" count="3" type="stmt"/>
      <line num="86" count="1" type="stmt"/>
    </file>
  </project>
</coverage>
