<?xml version="1.0" encoding="UTF-8"?>
<coverage generated="1568737401034" clover="3.2.0">
  <project timestamp="1568737401034" name="All files">
    <metrics statements="40" coveredstatements="40" conditionals="12" coveredconditionals="12" methods="9" coveredmethods="9" elements="61" coveredelements="61" complexity="0" loc="40" ncloc="40" packages="1" files="1" classes="1"/>
    <file name="main.js" path="C:\Users\albit\Desktop\Track front\LIM010-fe-md-links\src\main.js">
      <metrics statements="40" coveredstatements="40" conditionals="12" coveredconditionals="12" methods="9" coveredmethods="9"/>
      <line num="1" count="1" type="stmt"/>
      <line num="2" count="1" type="stmt"/>
      <line num="3" count="1" type="stmt"/>
      <line num="4" count="1" type="stmt"/>
      <line num="6" count="1" type="stmt"/>
      <line num="7" count="30" type="cond" truecount="2" falsecount="0"/>
      <line num="8" count="29" type="stmt"/>
      <line num="10" count="1" type="stmt"/>
      <line num="13" count="1" type="stmt"/>
      <line num="14" count="2" type="cond" truecount="2" falsecount="0"/>
      <line num="15" count="1" type="stmt"/>
      <line num="17" count="1" type="stmt"/>
      <line num="20" count="1" type="stmt"/>
      <line num="21" count="30" type="cond" truecount="2" falsecount="0"/>
      <line num="22" count="17" type="stmt"/>
      <line num="24" count="13" type="stmt"/>
      <line num="27" count="1" type="stmt"/>
      <line num="28" count="18" type="cond" truecount="2" falsecount="0"/>
      <line num="29" count="13" type="stmt"/>
      <line num="31" count="5" type="stmt"/>
      <line num="34" count="1" type="stmt"/>
      <line num="35" count="28" type="stmt"/>
      <line num="36" count="28" type="stmt"/>
      <line num="37" count="28" type="cond" truecount="2" falsecount="0"/>
      <line num="38" count="16" type="cond" truecount="2" falsecount="0"/>
      <line num="39" count="12" type="stmt"/>
      <line num="42" count="12" type="stmt"/>
      <line num="43" count="12" type="stmt"/>
      <line num="44" count="24" type="stmt"/>
      <line num="47" count="28" type="stmt"/>
      <line num="50" count="1" type="stmt"/>
      <line num="51" count="3" type="stmt"/>
      <line num="52" count="3" type="stmt"/>
      <line num="54" count="3" type="stmt"/>
      <line num="56" count="9" type="stmt"/>
      <line num="58" count="9" type="stmt"/>
      <line num="60" count="6" type="stmt"/>
      <line num="64" count="9" type="stmt"/>
      <line num="68" count="3" type="stmt"/>
      <line num="71" count="1" type="stmt"/>
    </file>
  </project>
</coverage>
