{"C:\\Users\\albit\\Desktop\\Track front\\LIM010-fe-md-links\\src\\main.js": {"path":"C:\\Users\\albit\\Desktop\\Track front\\LIM010-fe-md-links\\src\\main.js","statementMap":{"0":{"start":{"line":1,"column":15},"end":{"line":1,"column":32}},"1":{"start":{"line":2,"column":13},"end":{"line":2,"column":28}},"2":{"start":{"line":3,"column":11},"end":{"line":3,"column":24}},"3":{"start":{"line":5,"column":24},"end":{"line":10,"column":1}},"4":{"start":{"line":6,"column":2},"end":{"line":8,"column":3}},"5":{"start":{"line":7,"column":4},"end":{"line":7,"column":17}},"6":{"start":{"line":9,"column":2},"end":{"line":9,"column":29}},"7":{"start":{"line":12,"column":20},"end":{"line":12,"column":63}},"8":{"start":{"line":12,"column":31},"end":{"line":12,"column":63}},"9":{"start":{"line":14,"column":15},"end":{"line":14,"column":53}},"10":{"start":{"line":14,"column":26},"end":{"line":14,"column":53}},"11":{"start":{"line":16,"column":13},"end":{"line":21,"column":1}},"12":{"start":{"line":17,"column":2},"end":{"line":19,"column":3}},"13":{"start":{"line":18,"column":4},"end":{"line":18,"column":16}},"14":{"start":{"line":20,"column":2},"end":{"line":20,"column":15}},"15":{"start":{"line":23,"column":18},"end":{"line":37,"column":1}},"16":{"start":{"line":24,"column":16},"end":{"line":24,"column":42}},"17":{"start":{"line":25,"column":20},"end":{"line":25,"column":22}},"18":{"start":{"line":26,"column":2},"end":{"line":35,"column":3}},"19":{"start":{"line":27,"column":4},"end":{"line":29,"column":5}},"20":{"start":{"line":28,"column":6},"end":{"line":28,"column":30}},"21":{"start":{"line":31,"column":24},"end":{"line":31,"column":45}},"22":{"start":{"line":32,"column":4},"end":{"line":34,"column":7}},"23":{"start":{"line":33,"column":6},"end":{"line":33,"column":74}},"24":{"start":{"line":36,"column":2},"end":{"line":36,"column":21}},"25":{"start":{"line":39,"column":18},"end":{"line":58,"column":1}},"26":{"start":{"line":40,"column":23},"end":{"line":40,"column":25}},"27":{"start":{"line":41,"column":17},"end":{"line":41,"column":38}},"28":{"start":{"line":43,"column":2},"end":{"line":56,"column":5}},"29":{"start":{"line":45,"column":17},"end":{"line":45,"column":39}},"30":{"start":{"line":47,"column":4},"end":{"line":52,"column":6}},"31":{"start":{"line":49,"column":6},"end":{"line":51,"column":9}},"32":{"start":{"line":53,"column":4},"end":{"line":55,"column":7}},"33":{"start":{"line":57,"column":2},"end":{"line":57,"column":22}},"34":{"start":{"line":60,"column":0},"end":{"line":67,"column":2}}},"fnMap":{"0":{"name":"(anonymous_0)","decl":{"start":{"line":5,"column":24},"end":{"line":5,"column":25}},"loc":{"start":{"line":5,"column":35},"end":{"line":10,"column":1}},"line":5},"1":{"name":"(anonymous_1)","decl":{"start":{"line":12,"column":20},"end":{"line":12,"column":21}},"loc":{"start":{"line":12,"column":31},"end":{"line":12,"column":63}},"line":12},"2":{"name":"(anonymous_2)","decl":{"start":{"line":14,"column":15},"end":{"line":14,"column":16}},"loc":{"start":{"line":14,"column":26},"end":{"line":14,"column":53}},"line":14},"3":{"name":"(anonymous_3)","decl":{"start":{"line":16,"column":13},"end":{"line":16,"column":14}},"loc":{"start":{"line":16,"column":24},"end":{"line":21,"column":1}},"line":16},"4":{"name":"(anonymous_4)","decl":{"start":{"line":23,"column":18},"end":{"line":23,"column":19}},"loc":{"start":{"line":23,"column":33},"end":{"line":37,"column":1}},"line":23},"5":{"name":"(anonymous_5)","decl":{"start":{"line":32,"column":24},"end":{"line":32,"column":25}},"loc":{"start":{"line":32,"column":34},"end":{"line":34,"column":5}},"line":32},"6":{"name":"(anonymous_6)","decl":{"start":{"line":39,"column":18},"end":{"line":39,"column":19}},"loc":{"start":{"line":39,"column":37},"end":{"line":58,"column":1}},"line":39},"7":{"name":"(anonymous_7)","decl":{"start":{"line":43,"column":24},"end":{"line":43,"column":25}},"loc":{"start":{"line":43,"column":35},"end":{"line":56,"column":3}},"line":43},"8":{"name":"(anonymous_8)","decl":{"start":{"line":47,"column":18},"end":{"line":47,"column":19}},"loc":{"start":{"line":47,"column":53},"end":{"line":52,"column":5}},"line":47}},"branchMap":{"0":{"loc":{"start":{"line":6,"column":2},"end":{"line":8,"column":3}},"type":"if","locations":[{"start":{"line":6,"column":2},"end":{"line":8,"column":3}},{"start":{"line":6,"column":2},"end":{"line":8,"column":3}}],"line":6},"1":{"loc":{"start":{"line":17,"column":2},"end":{"line":19,"column":3}},"type":"if","locations":[{"start":{"line":17,"column":2},"end":{"line":19,"column":3}},{"start":{"line":17,"column":2},"end":{"line":19,"column":3}}],"line":17},"2":{"loc":{"start":{"line":26,"column":2},"end":{"line":35,"column":3}},"type":"if","locations":[{"start":{"line":26,"column":2},"end":{"line":35,"column":3}},{"start":{"line":26,"column":2},"end":{"line":35,"column":3}}],"line":26},"3":{"loc":{"start":{"line":27,"column":4},"end":{"line":29,"column":5}},"type":"if","locations":[{"start":{"line":27,"column":4},"end":{"line":29,"column":5}},{"start":{"line":27,"column":4},"end":{"line":29,"column":5}}],"line":27}},"s":{"0":1,"1":1,"2":1,"3":1,"4":30,"5":29,"6":1,"7":1,"8":2,"9":1,"10":30,"11":1,"12":18,"13":13,"14":5,"15":1,"16":28,"17":28,"18":28,"19":16,"20":12,"21":12,"22":12,"23":24,"24":28,"25":1,"26":3,"27":3,"28":3,"29":9,"30":9,"31":6,"32":9,"33":3,"34":1},"f":{"0":30,"1":2,"2":30,"3":18,"4":28,"5":24,"6":3,"7":9,"8":6},"b":{"0":[29,1],"1":[13,5],"2":[16,12],"3":[12,4]},"_coverageSchema":"43e27e138ebf9cfc5966b082cf9a028302ed4184","hash":"3cbeed0f5377c0db600ca7dab1c5c081406314b7"}
}
