{"C:\\Users\\albit\\Desktop\\Track front\\LIM010-fe-md-links\\src\\main.js": {"path":"C:\\Users\\albit\\Desktop\\Track front\\LIM010-fe-md-links\\src\\main.js","statementMap":{"0":{"start":{"line":1,"column":15},"end":{"line":1,"column":32}},"1":{"start":{"line":2,"column":13},"end":{"line":2,"column":28}},"2":{"start":{"line":3,"column":11},"end":{"line":3,"column":24}},"3":{"start":{"line":5,"column":24},"end":{"line":10,"column":1}},"4":{"start":{"line":6,"column":2},"end":{"line":8,"column":3}},"5":{"start":{"line":7,"column":4},"end":{"line":7,"column":17}},"6":{"start":{"line":9,"column":2},"end":{"line":9,"column":29}},"7":{"start":{"line":12,"column":20},"end":{"line":17,"column":1}},"8":{"start":{"line":13,"column":2},"end":{"line":15,"column":3}},"9":{"start":{"line":14,"column":4},"end":{"line":14,"column":16}},"10":{"start":{"line":16,"column":2},"end":{"line":16,"column":15}},"11":{"start":{"line":19,"column":15},"end":{"line":24,"column":1}},"12":{"start":{"line":20,"column":2},"end":{"line":22,"column":3}},"13":{"start":{"line":21,"column":4},"end":{"line":21,"column":16}},"14":{"start":{"line":23,"column":2},"end":{"line":23,"column":15}},"15":{"start":{"line":26,"column":13},"end":{"line":31,"column":1}},"16":{"start":{"line":27,"column":2},"end":{"line":29,"column":3}},"17":{"start":{"line":28,"column":4},"end":{"line":28,"column":16}},"18":{"start":{"line":30,"column":2},"end":{"line":30,"column":15}},"19":{"start":{"line":33,"column":18},"end":{"line":47,"column":1}},"20":{"start":{"line":34,"column":16},"end":{"line":34,"column":42}},"21":{"start":{"line":35,"column":20},"end":{"line":35,"column":22}},"22":{"start":{"line":36,"column":2},"end":{"line":45,"column":3}},"23":{"start":{"line":37,"column":4},"end":{"line":39,"column":5}},"24":{"start":{"line":38,"column":6},"end":{"line":38,"column":30}},"25":{"start":{"line":41,"column":24},"end":{"line":41,"column":45}},"26":{"start":{"line":42,"column":4},"end":{"line":44,"column":7}},"27":{"start":{"line":43,"column":6},"end":{"line":43,"column":74}},"28":{"start":{"line":46,"column":2},"end":{"line":46,"column":21}},"29":{"start":{"line":49,"column":18},"end":{"line":68,"column":1}},"30":{"start":{"line":50,"column":23},"end":{"line":50,"column":25}},"31":{"start":{"line":51,"column":17},"end":{"line":51,"column":38}},"32":{"start":{"line":53,"column":2},"end":{"line":66,"column":5}},"33":{"start":{"line":55,"column":17},"end":{"line":55,"column":39}},"34":{"start":{"line":57,"column":4},"end":{"line":62,"column":6}},"35":{"start":{"line":59,"column":6},"end":{"line":61,"column":9}},"36":{"start":{"line":63,"column":4},"end":{"line":65,"column":7}},"37":{"start":{"line":67,"column":2},"end":{"line":67,"column":22}},"38":{"start":{"line":86,"column":0},"end":{"line":93,"column":2}}},"fnMap":{"0":{"name":"(anonymous_0)","decl":{"start":{"line":5,"column":24},"end":{"line":5,"column":25}},"loc":{"start":{"line":5,"column":35},"end":{"line":10,"column":1}},"line":5},"1":{"name":"(anonymous_1)","decl":{"start":{"line":12,"column":20},"end":{"line":12,"column":21}},"loc":{"start":{"line":12,"column":31},"end":{"line":17,"column":1}},"line":12},"2":{"name":"(anonymous_2)","decl":{"start":{"line":19,"column":15},"end":{"line":19,"column":16}},"loc":{"start":{"line":19,"column":26},"end":{"line":24,"column":1}},"line":19},"3":{"name":"(anonymous_3)","decl":{"start":{"line":26,"column":13},"end":{"line":26,"column":14}},"loc":{"start":{"line":26,"column":24},"end":{"line":31,"column":1}},"line":26},"4":{"name":"(anonymous_4)","decl":{"start":{"line":33,"column":18},"end":{"line":33,"column":19}},"loc":{"start":{"line":33,"column":33},"end":{"line":47,"column":1}},"line":33},"5":{"name":"(anonymous_5)","decl":{"start":{"line":42,"column":24},"end":{"line":42,"column":25}},"loc":{"start":{"line":42,"column":34},"end":{"line":44,"column":5}},"line":42},"6":{"name":"(anonymous_6)","decl":{"start":{"line":49,"column":18},"end":{"line":49,"column":19}},"loc":{"start":{"line":49,"column":37},"end":{"line":68,"column":1}},"line":49},"7":{"name":"(anonymous_7)","decl":{"start":{"line":53,"column":24},"end":{"line":53,"column":25}},"loc":{"start":{"line":53,"column":35},"end":{"line":66,"column":3}},"line":53},"8":{"name":"(anonymous_8)","decl":{"start":{"line":57,"column":18},"end":{"line":57,"column":19}},"loc":{"start":{"line":57,"column":53},"end":{"line":62,"column":5}},"line":57}},"branchMap":{"0":{"loc":{"start":{"line":6,"column":2},"end":{"line":8,"column":3}},"type":"if","locations":[{"start":{"line":6,"column":2},"end":{"line":8,"column":3}},{"start":{"line":6,"column":2},"end":{"line":8,"column":3}}],"line":6},"1":{"loc":{"start":{"line":13,"column":2},"end":{"line":15,"column":3}},"type":"if","locations":[{"start":{"line":13,"column":2},"end":{"line":15,"column":3}},{"start":{"line":13,"column":2},"end":{"line":15,"column":3}}],"line":13},"2":{"loc":{"start":{"line":20,"column":2},"end":{"line":22,"column":3}},"type":"if","locations":[{"start":{"line":20,"column":2},"end":{"line":22,"column":3}},{"start":{"line":20,"column":2},"end":{"line":22,"column":3}}],"line":20},"3":{"loc":{"start":{"line":27,"column":2},"end":{"line":29,"column":3}},"type":"if","locations":[{"start":{"line":27,"column":2},"end":{"line":29,"column":3}},{"start":{"line":27,"column":2},"end":{"line":29,"column":3}}],"line":27},"4":{"loc":{"start":{"line":36,"column":2},"end":{"line":45,"column":3}},"type":"if","locations":[{"start":{"line":36,"column":2},"end":{"line":45,"column":3}},{"start":{"line":36,"column":2},"end":{"line":45,"column":3}}],"line":36},"5":{"loc":{"start":{"line":37,"column":4},"end":{"line":39,"column":5}},"type":"if","locations":[{"start":{"line":37,"column":4},"end":{"line":39,"column":5}},{"start":{"line":37,"column":4},"end":{"line":39,"column":5}}],"line":37}},"s":{"0":1,"1":1,"2":1,"3":1,"4":30,"5":29,"6":1,"7":1,"8":2,"9":1,"10":1,"11":1,"12":30,"13":17,"14":13,"15":1,"16":18,"17":13,"18":5,"19":1,"20":28,"21":28,"22":28,"23":16,"24":12,"25":12,"26":12,"27":24,"28":28,"29":1,"30":3,"31":3,"32":3,"33":9,"34":9,"35":6,"36":9,"37":3,"38":1},"f":{"0":30,"1":2,"2":30,"3":18,"4":28,"5":24,"6":3,"7":9,"8":6},"b":{"0":[29,1],"1":[1,1],"2":[17,13],"3":[13,5],"4":[16,12],"5":[12,4]},"_coverageSchema":"43e27e138ebf9cfc5966b082cf9a028302ed4184","hash":"a2a5f6882c74d2e7dd9638884c555320c68af85c"}
}
