TN:
SF:C:\Users\albit\Desktop\Track front\LIM010-fe-md-links\src\main.js
FN:5,(anonymous_0)
FN:7,(anonymous_1)
FN:9,(anonymous_2)
FN:11,(anonymous_3)
FN:13,(anonymous_4)
FN:22,(anonymous_5)
FN:29,(anonymous_6)
FN:33,(anonymous_7)
FN:35,(anonymous_8)
FNF:9
FNH:9
FNDA:114,(anonymous_0)
FNDA:2,(anonymous_1)
FNDA:103,(anonymous_2)
FNDA:58,(anonymous_3)
FNDA:101,(anonymous_4)
FNDA:84,(anonymous_5)
FNDA:15,(anonymous_6)
FNDA:36,(anonymous_7)
FNDA:48,(anonymous_8)
DA:1,4
DA:2,4
DA:3,4
DA:5,114
DA:7,4
DA:9,103
DA:11,58
DA:13,4
DA:14,101
DA:15,101
DA:16,101
DA:17,56
DA:18,42
DA:21,44
DA:22,44
DA:23,84
DA:26,100
DA:29,4
DA:30,15
DA:31,14
DA:32,14
DA:33,14
DA:34,36
DA:35,36
DA:36,48
DA:42,36
DA:46,14
DA:49,4
LF:28
LH:28
BRDA:5,0,0,104
BRDA:5,0,1,10
BRDA:16,1,0,56
BRDA:16,1,1,44
BRDA:17,2,0,42
BRDA:17,2,1,14
BRF:6
BRH:6
end_of_record
TN:
SF:C:\Users\albit\Desktop\Track front\LIM010-fe-md-links\src\md-links.js
FN:4,(anonymous_0)
FN:4,(anonymous_1)
FNF:2
FNH:2
FNDA:11,(anonymous_0)
FNDA:11,(anonymous_1)
DA:1,2
DA:2,2
DA:4,11
DA:5,11
DA:6,11
DA:7,7
DA:10,4
DA:14,2
LF:8
LH:8
BRDA:6,0,0,7
BRDA:6,0,1,4
BRF:2
BRH:2
end_of_record
TN:
SF:C:\Users\albit\Desktop\Track front\LIM010-fe-md-links\src\mdlinks-cli.js
FN:16,(anonymous_0)
FN:26,(anonymous_1)
FN:29,(anonymous_2)
FN:41,(anonymous_3)
FN:50,(anonymous_4)
FN:59,(anonymous_5)
FNF:6
FNH:6
FNDA:7,(anonymous_0)
FNDA:7,(anonymous_1)
FNDA:6,(anonymous_2)
FNDA:4,(anonymous_3)
FNDA:4,(anonymous_4)
FNDA:1,(anonymous_5)
DA:1,1
DA:2,1
DA:3,1
DA:4,1
DA:6,1
DA:7,1
DA:8,1
DA:14,1
DA:16,1
DA:17,7
DA:18,1
DA:20,6
DA:21,1
DA:23,5
DA:26,1
DA:27,7
DA:28,7
DA:30,6
DA:31,6
DA:32,1
DA:34,6
DA:35,1
DA:37,6
DA:38,1
DA:40,6
DA:41,1
DA:42,4
DA:43,3
DA:45,1
DA:49,6
DA:50,2
DA:51,4
DA:54,6
DA:55,1
DA:57,6
DA:59,1
DA:62,1
LF:37
LH:37
BRDA:17,0,0,1
BRDA:17,0,1,6
BRDA:17,1,0,7
BRDA:17,1,1,1
BRDA:20,2,0,1
BRDA:20,2,1,5
BRDA:20,3,0,6
BRDA:20,3,1,2
BRDA:31,4,0,1
BRDA:31,4,1,5
BRDA:34,5,0,1
BRDA:34,5,1,5
BRDA:34,6,0,6
BRDA:34,6,1,2
BRDA:37,7,0,1
BRDA:37,7,1,5
BRDA:37,8,0,6
BRDA:37,8,1,2
BRDA:40,9,0,1
BRDA:40,9,1,5
BRDA:40,10,0,6
BRDA:40,10,1,1
BRDA:42,11,0,3
BRDA:42,11,1,1
BRDA:49,12,0,2
BRDA:49,12,1,4
BRDA:54,13,0,1
BRDA:54,13,1,5
BRDA:54,14,0,6
BRDA:54,14,1,4
BRDA:54,14,2,3
BRF:31
BRH:31
end_of_record
TN:
SF:C:\Users\albit\Desktop\Track front\LIM010-fe-md-links\src\stats.js
FN:1,(anonymous_0)
FN:2,(anonymous_1)
FN:6,(anonymous_2)
FN:7,(anonymous_3)
FNF:4
FNH:4
FNDA:3,(anonymous_0)
FNDA:12,(anonymous_1)
FNDA:2,(anonymous_2)
FNDA:8,(anonymous_3)
DA:1,2
DA:2,12
DA:3,3
DA:6,2
DA:7,8
DA:8,2
DA:11,2
LF:7
LH:7
BRF:0
BRH:0
end_of_record
TN:
SF:C:\Users\albit\Desktop\Track front\LIM010-fe-md-links\src\validate.js
FN:4,(anonymous_0)
FN:6,(anonymous_1)
FN:7,(anonymous_2)
FN:21,(anonymous_3)
FNF:4
FNH:4
FNDA:5,(anonymous_0)
FNDA:16,(anonymous_1)
FNDA:14,(anonymous_2)
FNDA:2,(anonymous_3)
DA:1,3
DA:2,3
DA:4,3
DA:5,5
DA:6,16
DA:8,14
DA:9,10
DA:15,4
DA:21,2
DA:26,5
DA:29,3
LF:11
LH:11
BRDA:8,0,0,10
BRDA:8,0,1,4
BRDA:8,1,0,14
BRDA:8,1,1,14
BRF:4
BRH:4
end_of_record
