TN:
SF:C:\Users\albit\Desktop\Track front\LIM010-fe-md-links\src\main.js
FN:5,(anonymous_0)
FN:12,(anonymous_1)
FN:14,(anonymous_2)
FN:16,(anonymous_3)
FN:23,(anonymous_4)
FN:32,(anonymous_5)
FN:39,(anonymous_6)
FN:43,(anonymous_7)
FN:47,(anonymous_8)
FNF:9
FNH:9
FNDA:30,(anonymous_0)
FNDA:2,(anonymous_1)
FNDA:30,(anonymous_2)
FNDA:18,(anonymous_3)
FNDA:28,(anonymous_4)
FNDA:24,(anonymous_5)
FNDA:3,(anonymous_6)
FNDA:9,(anonymous_7)
FNDA:6,(anonymous_8)
DA:1,1
DA:2,1
DA:3,1
DA:5,1
DA:6,30
DA:7,29
DA:9,1
DA:12,2
DA:14,30
DA:16,1
DA:17,18
DA:18,13
DA:20,5
DA:23,1
DA:24,28
DA:25,28
DA:26,28
DA:27,16
DA:28,12
DA:31,12
DA:32,12
DA:33,24
DA:36,28
DA:39,1
DA:40,3
DA:41,3
DA:43,3
DA:45,9
DA:47,9
DA:49,6
DA:53,9
DA:57,3
DA:60,1
LF:33
LH:33
BRDA:6,0,0,29
BRDA:6,0,1,1
BRDA:17,1,0,13
BRDA:17,1,1,5
BRDA:26,2,0,16
BRDA:26,2,1,12
BRDA:27,3,0,12
BRDA:27,3,1,4
BRF:8
BRH:8
end_of_record
